<?xml version="1.0" encoding="UTF-8"?>
<!-- Generated by org.testng.reporters.JUnitReportReporter -->
<testsuite hostname="DESKTOP-D0JLFQF" failures="0" tests="1" name="getRequest.getRequest" time="2.272" errors="0" timestamp="2023-07-13T10:44:49 IST" skipped="0">
  <testcase classname="getRequest.getRequest" name="m1" time="2.272"/>
</testsuite> <!-- getRequest.getRequest -->
