<?xml version="1.0" encoding="UTF-8"?>
<!-- Generated by org.testng.reporters.JUnitReportReporter -->
<testsuite hostname="DESKTOP-D0JLFQF" failures="0" tests="1" name="restAssured.requestSpecification" time="1.486" errors="0" timestamp="2023-04-29T15:17:40 IST" skipped="0">
  <testcase classname="restAssured.requestSpecification" name="get" time="1.486"/>
  <system-out/>
</testsuite> <!-- restAssured.requestSpecification -->
