<?xml version="1.0" encoding="UTF-8"?>
<!-- Generated by org.testng.reporters.JUnitReportReporter -->
<testsuite hostname="DESKTOP-D0JLFQF" failures="0" tests="1" name="restAssured.postRequest" time="3.495" errors="0" timestamp="2023-04-27T08:37:40 IST" skipped="0">
  <testcase classname="restAssured.postRequest" name="postRequest1" time="3.495"/>
  <system-out/>
</testsuite> <!-- restAssured.postRequest -->
