<?xml version="1.0" encoding="UTF-8"?>
<!-- Generated by org.testng.reporters.JUnitReportReporter -->
<testsuite hostname="DESKTOP-D0JLFQF" failures="0" tests="1" name="restAssuredPracticeDay1.Class1" time="3.419" errors="0" timestamp="2023-04-26T11:21:06 IST" skipped="0">
  <testcase classname="restAssuredPracticeDay1.Class1" name="getRequest" time="3.419"/>
  <system-out/>
</testsuite> <!-- restAssuredPracticeDay1.Class1 -->
