<?xml version="1.0" encoding="UTF-8"?>
<!-- Generated by org.testng.reporters.JUnitReportReporter -->
<testsuite hostname="DESKTOP-D0JLFQF" failures="0" tests="1" name="restAssured.PUTRequest" time="3.904" errors="0" timestamp="2023-04-27T09:27:17 IST" skipped="0">
  <testcase classname="restAssured.PUTRequest" name="PUTrequest" time="3.904"/>
  <system-out/>
</testsuite> <!-- restAssured.PUTRequest -->
