<?xml version="1.0" encoding="UTF-8"?>
<!-- Generated by org.testng.reporters.JUnitReportReporter -->
<testsuite hostname="DESKTOP-D0JLFQF" failures="0" tests="1" name="restAssured.ResponseTimeValidation" time="3.167" errors="0" timestamp="2023-04-29T14:50:03 IST" skipped="0">
  <testcase classname="restAssured.ResponseTimeValidation" name="delete" time="3.167"/>
  <system-out/>
</testsuite> <!-- restAssured.ResponseTimeValidation -->
