<?xml version="1.0" encoding="UTF-8"?>
<!-- Generated by org.testng.reporters.JUnitReportReporter -->
<testsuite hostname="DESKTOP-D0JLFQF" failures="0" tests="1" name="restAssured.TokenizedAuthorization" time="5.193" errors="0" timestamp="2023-04-27T11:34:12 IST" skipped="0">
  <testcase classname="restAssured.TokenizedAuthorization" name="generateToken" time="5.193"/>
  <system-out/>
</testsuite> <!-- restAssured.TokenizedAuthorization -->
