<?xml version="1.0" encoding="UTF-8"?>
<!-- Generated by org.testng.reporters.JUnitReportReporter -->
<testsuite hostname="DESKTOP-D0JLFQF" failures="0" tests="1" name="restAssured.Authentication" time="5.008" errors="0" timestamp="2023-04-27T10:35:08 IST" skipped="0">
  <testcase classname="restAssured.Authentication" name="basicAuth" time="5.008"/>
  <system-out/>
</testsuite> <!-- restAssured.Authentication -->
