<?xml version="1.0" encoding="UTF-8"?>
<!-- Generated by org.testng.reporters.JUnitReportReporter -->
<testsuite hostname="DESKTOP-D0JLFQF" failures="0" tests="1" name="restAssured.deleteRequest" time="3.540" errors="0" timestamp="2023-04-27T09:40:59 IST" skipped="0">
  <testcase classname="restAssured.deleteRequest" name="DeleteRequest" time="3.540"/>
  <system-out/>
</testsuite> <!-- restAssured.deleteRequest -->
