<?xml version="1.0" encoding="UTF-8"?>
<!-- Generated by org.testng.reporters.JUnitReportReporter -->
<testsuite hostname="DESKTOP-D0JLFQF" failures="0" tests="1" name="restAssuredPracticeDay1.Class2" time="3.228" errors="0" timestamp="2023-04-26T10:14:43 IST" skipped="0">
  <testcase classname="restAssuredPracticeDay1.Class2" name="getRequest6" time="3.228"/>
  <system-out/>
</testsuite> <!-- restAssuredPracticeDay1.Class2 -->
