<?xml version="1.0" encoding="UTF-8"?>
<!-- Generated by org.testng.reporters.JUnitReportReporter -->
<testsuite hostname="DESKTOP-D0JLFQF" failures="0" tests="1" name="restAssured.PacthRquest" time="2.843" errors="0" timestamp="2023-04-27T09:33:36 IST" skipped="0">
  <testcase classname="restAssured.PacthRquest" name="PATCHRequest" time="2.843"/>
  <system-out/>
</testsuite> <!-- restAssured.PacthRquest -->
