<?xml version="1.0" encoding="UTF-8"?>
<!-- Generated by org.testng.reporters.JUnitReportReporter -->
<testsuite hostname="DESKTOP-D0JLFQF" failures="0" tests="1" name="restAssured.getRequest" time="5.852" errors="0" timestamp="2023-07-13T10:13:14 IST" skipped="0">
  <testcase classname="restAssured.getRequest" name="getrequest" time="5.852"/>
  <system-out/>
</testsuite> <!-- restAssured.getRequest -->
