<?xml version="1.0" encoding="UTF-8"?>
<!-- Generated by org.testng.reporters.JUnitReportReporter -->
<testsuite hostname="DESKTOP-D0JLFQF" failures="0" tests="1" name="restAssuredPracticeDay1.RestAssuredDay2" time="4.414" errors="0" timestamp="2023-04-27T13:51:54 IST" skipped="0">
  <testcase classname="restAssuredPracticeDay1.RestAssuredDay2" name="getRequest" time="4.414"/>
  <system-out/>
</testsuite> <!-- restAssuredPracticeDay1.RestAssuredDay2 -->
