<?xml version="1.0" encoding="UTF-8"?>
<!-- Generated by org.testng.reporters.JUnitReportReporter -->
<testsuite hostname="DESKTOP-D0JLFQF" failures="0" tests="1" name="restAssured.PUTRequestByUsingPojoClass" time="3.310" errors="0" timestamp="2023-04-29T14:37:09 IST" skipped="0">
  <testcase classname="restAssured.PUTRequestByUsingPojoClass" name="PUT" time="3.310"/>
  <system-out/>
</testsuite> <!-- restAssured.PUTRequestByUsingPojoClass -->
