<?xml version="1.0" encoding="UTF-8"?>
<!-- Generated by org.testng.reporters.JUnitReportReporter -->
<testsuite hostname="DESKTOP-D0JLFQF" failures="0" tests="4" name="RestAssured_01.CLass1" time="4.826" errors="0" timestamp="2023-04-14T13:46:19 IST" skipped="0">
  <testcase classname="RestAssured_01.CLass1" name="getRequest" time="3.026"/>
  <system-out/>
  <testcase classname="RestAssured_01.CLass1" name="postRequest" time="0.917"/>
  <system-out/>
  <testcase classname="RestAssured_01.CLass1" name="putRequest" time="0.472"/>
  <system-out/>
  <testcase classname="RestAssured_01.CLass1" name="deleteRequest" time="0.411"/>
  <system-out/>
</testsuite> <!-- RestAssured_01.CLass1 -->
