<?xml version="1.0" encoding="UTF-8"?>
<!-- Generated by org.testng.reporters.JUnitReportReporter -->
<testsuite hostname="DESKTOP-D0JLFQF" failures="0" tests="1" name="RestAssured_01.HTTPREQUEST_GET" time="4.673" errors="0" timestamp="2023-07-13T10:25:06 IST" skipped="0">
  <testcase classname="RestAssured_01.HTTPREQUEST_GET" name="getUser" time="4.673"/>
  <system-out/>
</testsuite> <!-- RestAssured_01.HTTPREQUEST_GET -->
