<?xml version="1.0" encoding="UTF-8"?>
<!-- Generated by org.testng.reporters.JUnitReportReporter -->
<testsuite hostname="DESKTOP-D0JLFQF" failures="0" tests="1" name="Practice25April.Class2" time="3.107" errors="0" timestamp="2023-04-25T14:41:43 IST" skipped="0">
  <testcase classname="Practice25April.Class2" name="jsonparsing" time="3.107"/>
  <system-out/>
</testsuite> <!-- Practice25April.Class2 -->
