<?xml version="1.0" encoding="UTF-8"?>
<!-- Generated by org.testng.reporters.JUnitReportReporter -->
<testsuite hostname="DESKTOP-D0JLFQF" failures="0" tests="1" name="PracticeDifferent_way_to_create_request_body.PostRequestByUsingHashMap" time="2.642" errors="0" timestamp="2023-04-16T13:08:21 IST" skipped="0">
  <testcase classname="PracticeDifferent_way_to_create_request_body.PostRequestByUsingHashMap" name="get1" time="2.642"/>
  <system-out/>
</testsuite> <!-- PracticeDifferent_way_to_create_request_body.PostRequestByUsingHashMap -->
