<?xml version="1.0" encoding="UTF-8"?>
<!-- Generated by org.testng.reporters.JUnitReportReporter -->
<testsuite hostname="DESKTOP-D0JLFQF" failures="0" tests="1" name="Practice.Cookies" time="2.803" errors="0" timestamp="2023-04-17T16:33:06 IST" skipped="0">
  <testcase classname="Practice.Cookies" name="testHeaders" time="2.803"/>
  <system-out/>
</testsuite> <!-- Practice.Cookies -->
