<?xml version="1.0" encoding="UTF-8"?>
<!-- Generated by org.testng.reporters.JUnitReportReporter -->
<testsuite hostname="DESKTOP-D0JLFQF" failures="0" tests="1" name="Cookies_and_Headers.Cookiesdemo" time="2.656" errors="0" timestamp="2023-04-17T13:25:04 IST" skipped="0">
  <testcase classname="Cookies_and_Headers.Cookiesdemo" name="getcookiesinfo" time="2.656"/>
  <system-out/>
</testsuite> <!-- Cookies_and_Headers.Cookiesdemo -->
