<?xml version="1.0" encoding="UTF-8"?>
<!-- Generated by org.testng.reporters.JUnitReportReporter -->
<testsuite hostname="DESKTOP-D0JLFQF" failures="0" tests="2" name="PracticeDifferent_way_to_create_request_body.PostRequestByUsingJSONObject" time="2.419" errors="0" timestamp="2023-04-16T13:20:24 IST" skipped="0">
  <testcase classname="PracticeDifferent_way_to_create_request_body.PostRequestByUsingJSONObject" name="post" time="2.348"/>
  <system-out/>
  <testcase classname="PracticeDifferent_way_to_create_request_body.PostRequestByUsingJSONObject" name="delete" time="0.071"/>
  <system-out/>
</testsuite> <!-- PracticeDifferent_way_to_create_request_body.PostRequestByUsingJSONObject -->
