<?xml version="1.0" encoding="UTF-8"?>
<!-- Generated by org.testng.reporters.JUnitReportReporter -->
<testsuite hostname="DESKTOP-D0JLFQF" failures="0" tests="1" name="Parsing_of_Validate_XML_Response_data.PxmlParsing" time="13.865" errors="0" timestamp="2023-05-06T08:49:36 IST" skipped="0">
  <testcase classname="Parsing_of_Validate_XML_Response_data.PxmlParsing" name="xmlparsing" time="13.865"/>
  <system-out/>
</testsuite> <!-- Parsing_of_Validate_XML_Response_data.PxmlParsing -->
