<?xml version="1.0" encoding="UTF-8"?>
<!-- Generated by org.testng.reporters.JUnitReportReporter -->
<testsuite hostname="DESKTOP-D0JLFQF" failures="0" tests="1" name="Cookies_and_Headers.Log" time="3.004" errors="0" timestamp="2023-04-20T15:44:32 IST" skipped="0">
  <testcase classname="Cookies_and_Headers.Log" name="logMethod" time="3.004"/>
  <system-out/>
</testsuite> <!-- Cookies_and_Headers.Log -->
