<?xml version="1.0" encoding="UTF-8"?>
<!-- Generated by org.testng.reporters.JUnitReportReporter -->
<testsuite hostname="DESKTOP-D0JLFQF" failures="0" tests="2" name="PracticeDifferent_way_to_create_request_body.PostRequestByPojo" time="2.005" errors="0" timestamp="2023-04-17T15:03:39 IST" skipped="0">
  <testcase classname="PracticeDifferent_way_to_create_request_body.PostRequestByPojo" name="get" time="0.035"/>
  <system-out/>
  <testcase classname="PracticeDifferent_way_to_create_request_body.PostRequestByPojo" name="delete" time="1.970"/>
  <system-out/>
</testsuite> <!-- PracticeDifferent_way_to_create_request_body.PostRequestByPojo -->
