<?xml version="1.0" encoding="UTF-8"?>
<!-- Generated by org.testng.reporters.JUnitReportReporter -->
<testsuite hostname="DESKTOP-D0JLFQF" failures="0" tests="1" name="Practice25April.Class1" time="3.547" errors="0" timestamp="2023-04-25T14:14:23 IST" skipped="0">
  <testcase classname="Practice25April.Class1" name="cookies" time="3.547"/>
  <system-out/>
</testsuite> <!-- Practice25April.Class1 -->
