<?xml version="1.0" encoding="UTF-8"?>
<!-- Generated by org.testng.reporters.JUnitReportReporter -->
<testsuite hostname="DESKTOP-D0JLFQF" failures="0" tests="3" name="RestAssured_01.Post_Request" time="4.633" errors="0" timestamp="2023-04-14T13:35:11 IST" skipped="0">
  <testcase classname="RestAssured_01.Post_Request" name="postRequest" time="3.657"/>
  <system-out/>
  <testcase classname="RestAssured_01.Post_Request" name="putRequest" time="0.553"/>
  <system-out/>
  <testcase classname="RestAssured_01.Post_Request" name="deleteRequest" time="0.423"/>
  <system-out/>
</testsuite> <!-- RestAssured_01.Post_Request -->
