<?xml version="1.0" encoding="UTF-8"?>
<!-- Generated by org.testng.reporters.JUnitReportReporter -->
<testsuite hostname="DESKTOP-D0JLFQF" failures="0" tests="5" name="Practice.Class3" time="7.839" errors="0" timestamp="2023-04-20T15:50:54 IST" skipped="0">
  <testcase classname="Practice.Class3" name="parsingOfJsonData2" time="0.085"/>
  <system-out/>
  <testcase classname="Practice.Class3" name="getCookies" time="5.700"/>
  <system-out/>
  <testcase classname="Practice.Class3" name="getCookiesName" time="0.869"/>
  <system-out/>
  <testcase classname="Practice.Class3" name="parsing4" time="0.134"/>
  <system-out/>
  <testcase classname="Practice.Class3" name="parsingOfJsonData" time="1.051"/>
  <system-out/>
</testsuite> <!-- Practice.Class3 -->
