<?xml version="1.0" encoding="UTF-8"?>
<!-- Generated by org.testng.reporters.JUnitReportReporter -->
<testsuite hostname="DESKTOP-D0JLFQF" failures="0" tests="1" name="Cookies_and_Headers.Headers" time="3.192" errors="0" timestamp="2023-04-17T14:11:36 IST" skipped="0">
  <testcase classname="Cookies_and_Headers.Headers" name="headers" time="3.192"/>
  <system-out/>
</testsuite> <!-- Cookies_and_Headers.Headers -->
