<?xml version="1.0" encoding="UTF-8"?>
<!-- Generated by org.testng.reporters.JUnitReportReporter -->
<testsuite hostname="DESKTOP-D0JLFQF" failures="0" tests="1" name="Practice.Class1" time="1.902" errors="0" timestamp="2023-04-17T15:58:06 IST" skipped="0">
  <testcase classname="Practice.Class1" name="post" time="1.902"/>
  <system-out/>
</testsuite> <!-- Practice.Class1 -->
