<?xml version="1.0" encoding="UTF-8"?>
<!-- Generated by org.testng.reporters.JUnitReportReporter -->
<testsuite hostname="DESKTOP-D0JLFQF" failures="0" tests="4" name="RestAssured_01.Class2" time="4.671" errors="0" timestamp="2023-04-14T14:04:49 IST" skipped="0">
  <testcase classname="RestAssured_01.Class2" name="getRequest" time="3.024"/>
  <system-out/>
  <testcase classname="RestAssured_01.Class2" name="post" time="0.789"/>
  <system-out/>
  <testcase classname="RestAssured_01.Class2" name="putRequest" time="0.447"/>
  <system-out/>
  <testcase classname="RestAssured_01.Class2" name="deleteRequest" time="0.411"/>
  <system-out/>
</testsuite> <!-- RestAssured_01.Class2 -->
