<?xml version="1.0" encoding="UTF-8"?>
<!-- Generated by org.testng.reporters.JUnitReportReporter -->
<testsuite hostname="DESKTOP-D0JLFQF" failures="0" tests="1" name="Path_Paramters_query_paramters.Class1" time="2.353" errors="0" timestamp="2023-04-17T11:50:59 IST" skipped="0">
  <testcase classname="Path_Paramters_query_paramters.Class1" name="queryandPathParameters" time="2.353"/>
  <system-out/>
</testsuite> <!-- Path_Paramters_query_paramters.Class1 -->
